<?xml version="1.0" encoding="UTF-8"?>
<!-- Generated by org.testng.reporters.JUnitReportReporter -->
<testsuite hostname="DESKTOP-M1237OQ" failures="0" tests="1" name="com.base.Base_Class" time="0.007" errors="0" timestamp="2023-02-25T12:56:19 IST" skipped="0">
  <testcase classname="com.base.Base_Class" name="test1" time="0.007"/>
  <system-out/>
</testsuite> <!-- com.base.Base_Class -->
