<?xml version="1.0" encoding="UTF-8"?>
<!-- Generated by org.testng.reporters.JUnitReportReporter -->
<testsuite hostname="DESKTOP-M1237OQ" failures="0" tests="1" name="com.tests.DivisionTest" time="14.532" errors="0" timestamp="2023-02-26T22:35:08 IST" skipped="0">
  <testcase classname="com.tests.DivisionTest" name="perform_divison" time="14.532"/>
  <system-out/>
</testsuite> <!-- com.tests.DivisionTest -->
