<?xml version="1.0" encoding="UTF-8"?>
<!-- Generated by org.testng.reporters.JUnitReportReporter -->
<testsuite hostname="DESKTOP-M1237OQ" failures="0" tests="1" name="com.tests.SubstractionTest" time="8.468" errors="0" timestamp="2023-02-26T22:35:08 IST" skipped="0">
  <testcase classname="com.tests.SubstractionTest" name="perform_substraction" time="8.468"/>
  <system-out/>
</testsuite> <!-- com.tests.SubstractionTest -->
