<?xml version="1.0" encoding="UTF-8"?>
<!-- Generated by org.testng.reporters.JUnitReportReporter -->
<testsuite hostname="DESKTOP-M1237OQ" failures="0" tests="1" name="com.tests.AdditionTest" time="8.490" errors="0" timestamp="2023-02-26T22:35:08 IST" skipped="0">
  <testcase classname="com.tests.AdditionTest" name="perform_addition" time="8.490"/>
  <system-out/>
</testsuite> <!-- com.tests.AdditionTest -->
