<?xml version="1.0" encoding="UTF-8"?>
<!-- Generated by org.testng.reporters.JUnitReportReporter -->
<testsuite hostname="DESKTOP-M1237OQ" failures="0" tests="1" name="com.tests.MultiplicationTest" time="8.334" errors="0" timestamp="2023-02-26T22:35:08 IST" skipped="0">
  <testcase classname="com.tests.MultiplicationTest" name="perform_multiplication" time="8.334"/>
  <system-out/>
</testsuite> <!-- com.tests.MultiplicationTest -->
